Performing C SOURCE FILE Test CMAKE_HAVE_LIBC_PTHREAD failed with the following output:
Change Dir: /home/sajith/Robotics/ros_example/build/CMakeFiles/CMakeTmp

Run Build Command(s):/usr/bin/make cmTC_f1655/fast && /usr/bin/make  -f CMakeFiles/cmTC_f1655.dir/build.make CMakeFiles/cmTC_f1655.dir/build
make[1]: Entering directory '/home/sajith/Robotics/ros_example/build/CMakeFiles/CMakeTmp'
Building C object CMakeFiles/cmTC_f1655.dir/src.c.o
/usr/bin/cc   -DCMAKE_HAVE_LIBC_PTHREAD -o CMakeFiles/cmTC_f1655.dir/src.c.o -c /home/sajith/Robotics/ros_example/build/CMakeFiles/CMakeTmp/src.c
Linking C executable cmTC_f1655
/opt/softwares/cmake-3.18.2-Linux-x86_64/bin/cmake -E cmake_link_script CMakeFiles/cmTC_f1655.dir/link.txt --verbose=1
/usr/bin/cc  -DCMAKE_HAVE_LIBC_PTHREAD -rdynamic CMakeFiles/cmTC_f1655.dir/src.c.o -o cmTC_f1655 
CMakeFiles/cmTC_f1655.dir/src.c.o: In function `main':
src.c:(.text+0x3c): undefined reference to `pthread_create'
src.c:(.text+0x48): undefined reference to `pthread_detach'
src.c:(.text+0x54): undefined reference to `pthread_cancel'
src.c:(.text+0x65): undefined reference to `pthread_join'
src.c:(.text+0x79): undefined reference to `pthread_atfork'
collect2: error: ld returned 1 exit status
CMakeFiles/cmTC_f1655.dir/build.make:105: recipe for target 'cmTC_f1655' failed
make[1]: *** [cmTC_f1655] Error 1
make[1]: Leaving directory '/home/sajith/Robotics/ros_example/build/CMakeFiles/CMakeTmp'
Makefile:140: recipe for target 'cmTC_f1655/fast' failed
make: *** [cmTC_f1655/fast] Error 2


Source file was:
#include <pthread.h>

void* test_func(void* data)
{
  return data;
}

int main(void)
{
  pthread_t thread;
  pthread_create(&thread, NULL, test_func, NULL);
  pthread_detach(thread);
  pthread_cancel(thread);
  pthread_join(thread, NULL);
  pthread_atfork(NULL, NULL, NULL);
  pthread_exit(NULL);

  return 0;
}

Determining if the function pthread_create exists in the pthreads failed with the following output:
Change Dir: /home/sajith/Robotics/ros_example/build/CMakeFiles/CMakeTmp

Run Build Command(s):/usr/bin/make cmTC_b455f/fast && /usr/bin/make  -f CMakeFiles/cmTC_b455f.dir/build.make CMakeFiles/cmTC_b455f.dir/build
make[1]: Entering directory '/home/sajith/Robotics/ros_example/build/CMakeFiles/CMakeTmp'
Building C object CMakeFiles/cmTC_b455f.dir/CheckFunctionExists.c.o
/usr/bin/cc   -DCHECK_FUNCTION_EXISTS=pthread_create -o CMakeFiles/cmTC_b455f.dir/CheckFunctionExists.c.o -c /opt/softwares/cmake-3.18.2-Linux-x86_64/share/cmake-3.18/Modules/CheckFunctionExists.c
Linking C executable cmTC_b455f
/opt/softwares/cmake-3.18.2-Linux-x86_64/bin/cmake -E cmake_link_script CMakeFiles/cmTC_b455f.dir/link.txt --verbose=1
/usr/bin/cc  -DCHECK_FUNCTION_EXISTS=pthread_create -rdynamic CMakeFiles/cmTC_b455f.dir/CheckFunctionExists.c.o -o cmTC_b455f  -lpthreads 
/usr/bin/ld: cannot find -lpthreads
collect2: error: ld returned 1 exit status
CMakeFiles/cmTC_b455f.dir/build.make:105: recipe for target 'cmTC_b455f' failed
make[1]: *** [cmTC_b455f] Error 1
make[1]: Leaving directory '/home/sajith/Robotics/ros_example/build/CMakeFiles/CMakeTmp'
Makefile:140: recipe for target 'cmTC_b455f/fast' failed
make: *** [cmTC_b455f/fast] Error 2



